\BOOKMARK [0][-]{chapter.1}{\376\377\000I\000n\000t\000r\000o\000d\000u\000c\000t\000i\000o\000n}{}% 1
\BOOKMARK [0][-]{chapter.2}{\376\377\000D\000i\000r\000e\000c\000t\000o\000r\000i\000e\000s\000\040\000a\000n\000d\000\040\000i\000m\000p\000o\000r\000t\000a\000n\000t\000\040\000f\000i\000l\000e\000s}{}% 2
\BOOKMARK [0][-]{chapter.3}{\376\377\000I\000n\000s\000t\000a\000l\000l}{}% 3
\BOOKMARK [1][-]{section.3.1}{\376\377\000I\000n\000s\000t\000a\000l\000l\000a\000t\000i\000o\000n\000\040\000i\000n\000\040\000L\000i\000n\000u\000x\000\040\000a\000n\000d\000\040\000m\000a\000c\000O\000S}{chapter.3}% 4
\BOOKMARK [1][-]{section.3.2}{\376\377\000I\000n\000s\000t\000a\000l\000l\000a\000t\000i\000o\000n\000\040\000i\000n\000\040\000W\000i\000n\000d\000o\000w\000s}{chapter.3}% 5
\BOOKMARK [0][-]{chapter.4}{\376\377\000I\000n\000p\000u\000t\000\040\000f\000i\000l\000e}{}% 6
\BOOKMARK [1][-]{section.4.1}{\376\377\000i\000n\000p\000u\000t\000-\000f\000i\000l\000e\000\040\000f\000o\000r\000m\000a\000t}{chapter.4}% 7
\BOOKMARK [1][-]{section.4.2}{\376\377\000B\000X\000S\000F\000\040\000f\000o\000r\000m\000a\000t}{chapter.4}% 8
\BOOKMARK [1][-]{section.4.3}{\376\377\000H\000o\000w\000\040\000t\000o\000\040\000p\000r\000o\000d\000u\000c\000e\000\040\000t\000h\000e\000\040\000i\000n\000p\000u\000t\000\040\000f\000i\000l\000e\000\040\000i\000n\000\040\000C\000\040\000a\000n\000d\000\040\000f\000o\000r\000t\000r\000a\000n\000\040\000p\000r\000o\000g\000r\000a\000m\000s}{chapter.4}% 9
\BOOKMARK [1][-]{section.4.4}{\376\377\000F\000o\000r\000\040\000t\000h\000e\000\040\0002\000D\000\040\000c\000o\000l\000o\000r\000\040\000p\000l\000o\000t\000\040\000\050\000S\000e\000e\000\040\000s\000r\000v\000o\0003\000\137\000t\0002\000g\000.\000f\000r\000m\000s\000f\000\040\000i\000n\000\040\000e\000x\000a\000m\000p\000l\000e\000s\000\051}{chapter.4}% 10
\BOOKMARK [1][-]{section.4.5}{\376\377\000O\000m\000i\000t\000\040\000t\000h\000e\000\040\000q\000u\000a\000n\000t\000i\000t\000y\000\040\000f\000o\000r\000\040\000t\000h\000e\000\040\000c\000o\000l\000o\000r\000\040\000p\000l\000o\000t}{chapter.4}% 11
\BOOKMARK [0][-]{chapter.5}{\376\377\000C\000o\000n\000t\000r\000o\000l\000\040\000F\000e\000r\000m\000i\000S\000u\000r\000f\000e\000r}{}% 12
\BOOKMARK [1][-]{section.5.1}{\376\377\000L\000a\000u\000n\000c\000h}{chapter.5}% 13
\BOOKMARK [2][-]{subsection.5.1.1}{\376\377\000F\000o\000r\000\040\000L\000i\000n\000u\000x\000,\000\040\000U\000n\000i\000x\000,\000\040\000M\000a\000c}{section.5.1}% 14
\BOOKMARK [2][-]{subsection.5.1.2}{\376\377\000F\000o\000r\000\040\000W\000i\000n\000d\000o\000w\000s}{section.5.1}% 15
\BOOKMARK [1][-]{section.5.2}{\376\377\000B\000a\000c\000k\000g\000r\000o\000u\000n\000d\000\040\000c\000o\000l\000o\000r}{chapter.5}% 16
\BOOKMARK [1][-]{section.5.3}{\376\377\000L\000i\000n\000e\000\040\000w\000i\000d\000t\000h}{chapter.5}% 17
\BOOKMARK [1][-]{section.5.4}{\376\377\000L\000i\000n\000e\000\040\000c\000o\000l\000o\000r}{chapter.5}% 18
\BOOKMARK [1][-]{section.5.5}{\376\377\000B\000a\000n\000d}{chapter.5}% 19
\BOOKMARK [1][-]{section.5.6}{\376\377\000B\000r\000i\000l\000l\000o\000u\000i\000n\000\040\000z\000o\000n\000e\000\040\000\050\000U\000p\000d\000a\000t\000e\000\040\000r\000e\000q\000u\000i\000r\000e\000d\000\051}{chapter.5}% 20
\BOOKMARK [1][-]{section.5.7}{\376\377\000N\000u\000m\000b\000e\000r\000\040\000o\000f\000\040\000B\000r\000i\000l\000l\000o\000u\000i\000n\000\040\000z\000o\000n\000e}{chapter.5}% 21
\BOOKMARK [1][-]{section.5.8}{\376\377\000C\000o\000l\000o\000r\000\040\000b\000a\000r}{chapter.5}% 22
\BOOKMARK [1][-]{section.5.9}{\376\377\000C\000o\000l\000o\000r\000\040\000s\000c\000a\000l\000e\000\040\000m\000o\000d\000e\000\040\000\050\000U\000p\000d\000a\000t\000e\000\040\000r\000e\000q\000u\000i\000r\000e\000d\000\051}{chapter.5}% 23
\BOOKMARK [1][-]{section.5.10}{\376\377\000C\000o\000l\000o\000r\000\040\000s\000e\000q\000u\000e\000n\000c\000e\000\040\000f\000o\000r\000\040\000p\000l\000o\000t}{chapter.5}% 24
\BOOKMARK [1][-]{section.5.11}{\376\377\000E\000q\000u\000a\000t\000o\000r\000\040\000\050\000U\000p\000d\000a\000t\000e\000\040\000r\000e\000q\000u\000i\000r\000e\000d\000\051}{chapter.5}% 25
\BOOKMARK [1][-]{section.5.12}{\376\377\000I\000n\000t\000e\000r\000p\000o\000l\000a\000t\000i\000o\000n\000\040\000\050\000U\000p\000d\000a\000t\000e\000\040\000r\000e\000q\000u\000i\000r\000e\000d\000\051}{chapter.5}% 26
\BOOKMARK [1][-]{section.5.13}{\376\377\000W\000h\000i\000c\000h\000\040\000\050\000o\000r\000\040\000b\000o\000t\000h\000\051\000\040\000s\000i\000d\000e\000\040\000o\000f\000\040\000F\000e\000r\000m\000i\000\040\000s\000u\000r\000f\000a\000c\000e\000\040\000i\000s\000\040\000i\000l\000l\000u\000m\000i\000n\000a\000t\000e\000d}{chapter.5}% 27
\BOOKMARK [1][-]{section.5.14}{\376\377\000M\000o\000u\000s\000e\000\040\000D\000r\000a\000g}{chapter.5}% 28
\BOOKMARK [1][-]{section.5.15}{\376\377\000N\000o\000d\000a\000l\000\040\000l\000i\000n\000e}{chapter.5}% 29
\BOOKMARK [1][-]{section.5.16}{\376\377\000S\000e\000c\000t\000i\000o\000n\000\040\000o\000f\000\040\000t\000h\000e\000\040\000B\000r\000i\000l\000l\000o\000u\000i\000n\000e\000\040\000z\000o\000n\000e\000\040\000\050\000U\000p\000d\000a\000t\000e\000\040\000r\000e\000q\000u\000i\000r\000e\000d\000\051}{chapter.5}% 30
\BOOKMARK [1][-]{section.5.17}{\376\377\000O\000u\000t\000p\000u\000t\000\040\000s\000e\000c\000t\000i\000o\000n\000\040\000o\000f\000\040\000t\000h\000e\000\040\000B\000r\000i\000l\000l\000o\000u\000i\000n\000e\000\040\000z\000o\000n\000e}{chapter.5}% 31
\BOOKMARK [1][-]{section.5.18}{\376\377\000S\000h\000i\000f\000t\000\040\000F\000e\000r\000m\000i\000\040\000e\000n\000e\000r\000g\000y\000\040\000\050\000U\000p\000d\000a\000t\000e\000\040\000r\000e\000q\000u\000i\000r\000e\000d\000\051}{chapter.5}% 32
\BOOKMARK [1][-]{section.5.19}{\376\377\000S\000t\000e\000r\000e\000o\000g\000r\000a\000m}{chapter.5}% 33
\BOOKMARK [1][-]{section.5.20}{\376\377\000T\000e\000t\000r\000a\000h\000e\000d\000r\000o\000n\000\040\000\050\000U\000p\000d\000a\000t\000e\000\040\000r\000e\000q\000u\000i\000r\000e\000d\000\051}{chapter.5}% 34
\BOOKMARK [1][-]{section.5.21}{\376\377\000V\000i\000e\000w\000\040\000p\000o\000i\000n\000t}{chapter.5}% 35
\BOOKMARK [1][-]{section.5.22}{\376\377\000S\000a\000v\000i\000n\000g\000\040\000i\000m\000a\000g\000e\000s}{chapter.5}% 36
\BOOKMARK [0][-]{chapter.6}{\376\377\000B\000a\000t\000c\000h\000\040\000m\000o\000d\000e}{}% 37
\BOOKMARK [0][-]{chapter.7}{\376\377\000T\000u\000t\000o\000r\000i\000a\000l\000\040\000w\000i\000t\000h\000\040\000Q\000u\000a\000n\000t\000u\000m\000\040\000E\000S\000P\000R\000E\000S\000S\000O}{}% 38
\BOOKMARK [1][-]{section.7.1}{\376\377\000B\000u\000i\000l\000d\000i\000n\000g\000\040\000P\000o\000s\000t\000P\000r\000o\000c\000e\000s\000s\000\040\000t\000o\000o\000l}{chapter.7}% 39
\BOOKMARK [1][-]{section.7.2}{\376\377\000S\000C\000F\000\040\000c\000a\000l\000c\000u\000l\000a\000t\000i\000o\000n}{chapter.7}% 40
\BOOKMARK [1][-]{section.7.3}{\376\377\000C\000o\000m\000p\000u\000t\000e\000\040\000a\000n\000d\000\040\000d\000i\000s\000p\000l\000a\000y\000\040\000F\000e\000r\000m\000i\000\040\000v\000e\000l\000o\000c\000i\000t\000y}{chapter.7}% 41
\BOOKMARK [1][-]{section.7.4}{\376\377\000C\000o\000m\000p\000u\000t\000e\000\040\000a\000n\000d\000\040\000d\000i\000s\000p\000l\000a\000y\000\040\000p\000r\000o\000j\000e\000c\000t\000i\000o\000n\000\040\000o\000n\000t\000o\000\040\000t\000h\000e\000\040\000a\000t\000o\000m\000i\000c\000\040\000o\000r\000b\000i\000t\000a\000l}{chapter.7}% 42
\BOOKMARK [0][-]{chapter.8}{\376\377\000F\000e\000r\000m\000i\000S\000u\000r\000f\000e\000r\000\040\000o\000n\000\040\000W\000e\000b}{}% 43
\BOOKMARK [1][-]{section.8.1}{\376\377\000C\000o\000n\000t\000r\000o\000l\000\040\000F\000e\000r\000m\000i\000S\000u\000r\000f\000e\000r\000\040\000o\000n\000\040\000W\000e\000b}{chapter.8}% 44
\BOOKMARK [1][-]{section.8.2}{\376\377\000H\000o\000w\000\040\000t\000o\000\040\000i\000n\000p\000u\000t\000\040\000f\000i\000l\000e}{chapter.8}% 45
\BOOKMARK [1][-]{section.8.3}{\376\377\000O\000p\000e\000n\000\040\000o\000n\000l\000i\000n\000e\000\040\000f\000i\000l\000e}{chapter.8}% 46
\BOOKMARK [0][-]{chapter.9}{\376\377\000A\000c\000k\000n\000o\000w\000l\000e\000d\000g\000m\000e\000n\000t}{}% 47
\BOOKMARK [0][-]{chapter.10}{\376\377\000R\000e\000-\000d\000i\000s\000t\000r\000i\000b\000u\000t\000i\000o\000n\000\040\000o\000f\000\040\000t\000h\000i\000s\000\040\000p\000r\000o\000g\000r\000a\000m}{}% 48
\BOOKMARK [1][-]{section.10.1}{\376\377\000C\000o\000n\000t\000a\000i\000n\000\040\000F\000e\000r\000m\000i\000s\000u\000r\000f\000e\000r\000\040\000i\000n\000\040\000y\000o\000u\000r\000\040\000p\000r\000o\000g\000r\000a\000m}{chapter.10}% 49
\BOOKMARK [1][-]{section.10.2}{\376\377\000M\000I\000T\000\040\000L\000i\000c\000e\000n\000s\000e}{chapter.10}% 50
\BOOKMARK [0][-]{chapter.11}{\376\377\000C\000o\000n\000t\000a\000c\000t}{}% 51
